# JRE version: OpenJDK Runtime Environment Temurin-17.0.4.1+1 (17.0.4.1+1) (build 17.0.4.1+1)
# Java VM: OpenJDK 64-Bit Server VM Temurin-17.0.4.1+1 (17.0.4.1+1, mixed mode, tiered, compressed oops, compressed class ptrs, parallel gc, windows-amd64)
GC Precious Log:
 CPUs: 4 total, 4 available
 Memory: 8082M
 Large Page Support: Disabled
 NUMA Support: Disabled
 Compressed Oops: Enabled (32-bit)
 Alignments: Space 512K, Generation 512K, Heap 2M
 Heap Min Capacity: 100M
 Heap Initial Capacity: 100M
 Heap Max Capacity: 1G
 Pre-touch: Disabled
 Parallel Workers: 4
Heap:
 PSYoungGen      total 25088K, used 5573K [0x00000000eab00000, 0x00000000ec800000, 0x0000000100000000)
  eden space 23040K, 24% used [0x00000000eab00000,0x00000000eb0717d0,0x00000000ec180000)
  from space 2048K, 0% used [0x00000000ec600000,0x00000000ec600000,0x00000000ec800000)
  to   space 3072K, 0% used [0x00000000ec200000,0x00000000ec200000,0x00000000ec500000)
 ParOldGen       total 68608K, used 11288K [0x00000000c0000000, 0x00000000c4300000, 0x00000000eab00000)
  object space 68608K, 16% used [0x00000000c0000000,0x00000000c0b06150,0x00000000c4300000)
 Metaspace       used 35393K, committed 36032K, reserved 1081344K
  class space    used 3574K, committed 3840K, reserved 1048576K
GC Heap History (20 events):
Event: 23.654 GC heap before
{Heap before GC invocations=3 (full 0):
 PSYoungGen      total 29696K, used 29678K [0x00000000eab00000, 0x00000000ecc00000, 0x0000000100000000)
  eden space 25600K, 100% used [0x00000000eab00000,0x00000000ec400000,0x00000000ec400000)
  from space 4096K, 99% used [0x00000000ec800000,0x00000000ecbfba58,0x00000000ecc00000)
  to   space 4096K, 0% used [0x00000000ec400000,0x00000000ec400000,0x00000000ec800000)
 ParOldGen       total 68608K, used 716K [0x00000000c0000000, 0x00000000c4300000, 0x00000000eab00000)
  object space 68608K, 1% used [0x00000000c0000000,0x00000000c00b3020,0x00000000c4300000)
 Metaspace       used 19448K, committed 19840K, reserved 1073152K
  class space    used 1957K, committed 2112K, reserved 1048576K
}
Event: 23.678 GC heap after
{Heap after GC invocations=3 (full 0):
 PSYoungGen      total 29696K, used 4064K [0x00000000eab00000, 0x00000000ecc00000, 0x0000000100000000)
  eden space 25600K, 0% used [0x00000000eab00000,0x00000000eab00000,0x00000000ec400000)
  from space 4096K, 99% used [0x00000000ec400000,0x00000000ec7f83b8,0x00000000ec800000)
  to   space 4096K, 0% used [0x00000000ec800000,0x00000000ec800000,0x00000000ecc00000)
 ParOldGen       total 68608K, used 4190K [0x00000000c0000000, 0x00000000c4300000, 0x00000000eab00000)
  object space 68608K, 6% used [0x00000000c0000000,0x00000000c0417bc0,0x00000000c4300000)
 Metaspace       used 19448K, committed 19840K, reserved 1073152K
  class space    used 1957K, committed 2112K, reserved 1048576K
}
Event: 24.412 GC heap before
{Heap before GC invocations=4 (full 0):
 PSYoungGen      total 29696K, used 12856K [0x00000000eab00000, 0x00000000ecc00000, 0x0000000100000000)
  eden space 25600K, 34% used [0x00000000eab00000,0x00000000eb395f70,0x00000000ec400000)
  from space 4096K, 99% used [0x00000000ec400000,0x00000000ec7f83b8,0x00000000ec800000)
  to   space 4096K, 0% used [0x00000000ec800000,0x00000000ec800000,0x00000000ecc00000)
 ParOldGen       total 68608K, used 4190K [0x00000000c0000000, 0x00000000c4300000, 0x00000000eab00000)
  object space 68608K, 6% used [0x00000000c0000000,0x00000000c0417bc0,0x00000000c4300000)
 Metaspace       used 21171K, committed 21504K, reserved 1073152K
  class space    used 2149K, committed 2304K, reserved 1048576K
}
Event: 24.424 GC heap after
{Heap after GC invocations=4 (full 0):
 PSYoungGen      total 29696K, used 4079K [0x00000000eab00000, 0x00000000ecc00000, 0x0000000100000000)
  eden space 25600K, 0% used [0x00000000eab00000,0x00000000eab00000,0x00000000ec400000)
  from space 4096K, 99% used [0x00000000ec800000,0x00000000ecbfbdb0,0x00000000ecc00000)
  to   space 4096K, 0% used [0x00000000ec400000,0x00000000ec400000,0x00000000ec800000)
 ParOldGen       total 68608K, used 4394K [0x00000000c0000000, 0x00000000c4300000, 0x00000000eab00000)
  object space 68608K, 6% used [0x00000000c0000000,0x00000000c044abd0,0x00000000c4300000)
 Metaspace       used 21171K, committed 21504K, reserved 1073152K
  class space    used 2149K, committed 2304K, reserved 1048576K
}
Event: 24.424 GC heap before
{Heap before GC invocations=5 (full 1):
 PSYoungGen      total 29696K, used 4079K [0x00000000eab00000, 0x00000000ecc00000, 0x0000000100000000)
  eden space 25600K, 0% used [0x00000000eab00000,0x00000000eab00000,0x00000000ec400000)
  from space 4096K, 99% used [0x00000000ec800000,0x00000000ecbfbdb0,0x00000000ecc00000)
  to   space 4096K, 0% used [0x00000000ec400000,0x00000000ec400000,0x00000000ec800000)
 ParOldGen       total 68608K, used 4394K [0x00000000c0000000, 0x00000000c4300000, 0x00000000eab00000)
  object space 68608K, 6% used [0x00000000c0000000,0x00000000c044abd0,0x00000000c4300000)
 Metaspace       used 21171K, committed 21504K, reserved 1073152K
  class space    used 2149K, committed 2304K, reserved 1048576K
}
Event: 24.544 GC heap after
{Heap after GC invocations=5 (full 1):
 PSYoungGen      total 29696K, used 0K [0x00000000eab00000, 0x00000000ecc00000, 0x0000000100000000)
  eden space 25600K, 0% used [0x00000000eab00000,0x00000000eab00000,0x00000000ec400000)
  from space 4096K, 0% used [0x00000000ec800000,0x00000000ec800000,0x00000000ecc00000)
  to   space 4096K, 0% used [0x00000000ec400000,0x00000000ec400000,0x00000000ec800000)
 ParOldGen       total 68608K, used 8296K [0x00000000c0000000, 0x00000000c4300000, 0x00000000eab00000)
  object space 68608K, 12% used [0x00000000c0000000,0x00000000c081a190,0x00000000c4300000)
 Metaspace       used 21158K, committed 21504K, reserved 1073152K
  class space    used 2146K, committed 2304K, reserved 1048576K
}
Event: 25.702 GC heap before
{Heap before GC invocations=6 (full 1):
 PSYoungGen      total 29696K, used 25600K [0x00000000eab00000, 0x00000000ecc00000, 0x0000000100000000)
  eden space 25600K, 100% used [0x00000000eab00000,0x00000000ec400000,0x00000000ec400000)
  from space 4096K, 0% used [0x00000000ec800000,0x00000000ec800000,0x00000000ecc00000)
  to   space 4096K, 0% used [0x00000000ec400000,0x00000000ec400000,0x00000000ec800000)
 ParOldGen       total 68608K, used 8296K [0x00000000c0000000, 0x00000000c4300000, 0x00000000eab00000)
  object space 68608K, 12% used [0x00000000c0000000,0x00000000c081a190,0x00000000c4300000)
 Metaspace       used 24729K, committed 25152K, reserved 1073152K
  class space    used 2400K, committed 2560K, reserved 1048576K
}
Event: 25.705 GC heap after
{Heap after GC invocations=6 (full 1):
 PSYoungGen      total 25600K, used 269K [0x00000000eab00000, 0x00000000ec880000, 0x0000000100000000)
  eden space 25088K, 0% used [0x00000000eab00000,0x00000000eab00000,0x00000000ec380000)
  from space 512K, 52% used [0x00000000ec400000,0x00000000ec443600,0x00000000ec480000)
  to   space 2048K, 0% used [0x00000000ec680000,0x00000000ec680000,0x00000000ec880000)
 ParOldGen       total 68608K, used 8296K [0x00000000c0000000, 0x00000000c4300000, 0x00000000eab00000)
  object space 68608K, 12% used [0x00000000c0000000,0x00000000c081a190,0x00000000c4300000)
 Metaspace       used 24729K, committed 25152K, reserved 1073152K
  class space    used 2400K, committed 2560K, reserved 1048576K
}
Event: 28.935 GC heap before
{Heap before GC invocations=7 (full 1):
 PSYoungGen      total 25600K, used 25357K [0x00000000eab00000, 0x00000000ec880000, 0x0000000100000000)
  eden space 25088K, 100% used [0x00000000eab00000,0x00000000ec380000,0x00000000ec380000)
  from space 512K, 52% used [0x00000000ec400000,0x00000000ec443600,0x00000000ec480000)
  to   space 2048K, 0% used [0x00000000ec680000,0x00000000ec680000,0x00000000ec880000)
 ParOldGen       total 68608K, used 8296K [0x00000000c0000000, 0x00000000c4300000, 0x00000000eab00000)
  object space 68608K, 12% used [0x00000000c0000000,0x00000000c081a190,0x00000000c4300000)
 Metaspace       used 27679K, committed 28096K, reserved 1081344K
  class space    used 2660K, committed 2816K, reserved 1048576K
}
Event: 28.939 GC heap after
{Heap after GC invocations=7 (full 1):
 PSYoungGen      total 25600K, used 987K [0x00000000eab00000, 0x00000000ec780000, 0x0000000100000000)
  eden space 24576K, 0% used [0x00000000eab00000,0x00000000eab00000,0x00000000ec300000)
  from space 1024K, 96% used [0x00000000ec680000,0x00000000ec776f38,0x00000000ec780000)
  to   space 1536K, 0% used [0x00000000ec480000,0x00000000ec480000,0x00000000ec600000)
 ParOldGen       total 68608K, used 8304K [0x00000000c0000000, 0x00000000c4300000, 0x00000000eab00000)
  object space 68608K, 12% used [0x00000000c0000000,0x00000000c081c190,0x00000000c4300000)
 Metaspace       used 27679K, committed 28096K, reserved 1081344K
  class space    used 2660K, committed 2816K, reserved 1048576K
}
Event: 32.743 GC heap before
{Heap before GC invocations=8 (full 1):
 PSYoungGen      total 25600K, used 25563K [0x00000000eab00000, 0x00000000ec780000, 0x0000000100000000)
  eden space 24576K, 100% used [0x00000000eab00000,0x00000000ec300000,0x00000000ec300000)
  from space 1024K, 96% used [0x00000000ec680000,0x00000000ec776f38,0x00000000ec780000)
  to   space 1536K, 0% used [0x00000000ec480000,0x00000000ec480000,0x00000000ec600000)
 ParOldGen       total 68608K, used 8304K [0x00000000c0000000, 0x00000000c4300000, 0x00000000eab00000)
  object space 68608K, 12% used [0x00000000c0000000,0x00000000c081c190,0x00000000c4300000)
 Metaspace       used 32136K, committed 32640K, reserved 1081344K
  class space    used 3229K, committed 3456K, reserved 1048576K
}
Event: 32.755 GC heap after
{Heap after GC invocations=8 (full 1):
 PSYoungGen      total 25600K, used 1536K [0x00000000eab00000, 0x00000000ec780000, 0x0000000100000000)
  eden space 24064K, 0% used [0x00000000eab00000,0x00000000eab00000,0x00000000ec280000)
  from space 1536K, 100% used [0x00000000ec480000,0x00000000ec600000,0x00000000ec600000)
  to   space 1536K, 0% used [0x00000000ec600000,0x00000000ec600000,0x00000000ec780000)
 ParOldGen       total 68608K, used 8786K [0x00000000c0000000, 0x00000000c4300000, 0x00000000eab00000)
  object space 68608K, 12% used [0x00000000c0000000,0x00000000c0894b40,0x00000000c4300000)
 Metaspace       used 32136K, committed 32640K, reserved 1081344K
  class space    used 3229K, committed 3456K, reserved 1048576K
}
Event: 41.543 GC heap before
{Heap before GC invocations=9 (full 1):
 PSYoungGen      total 25600K, used 24481K [0x00000000eab00000, 0x00000000ec780000, 0x0000000100000000)
  eden space 24064K, 95% used [0x00000000eab00000,0x00000000ec1686e0,0x00000000ec280000)
  from space 1536K, 100% used [0x00000000ec480000,0x00000000ec600000,0x00000000ec600000)
  to   space 1536K, 0% used [0x00000000ec600000,0x00000000ec600000,0x00000000ec780000)
 ParOldGen       total 68608K, used 8786K [0x00000000c0000000, 0x00000000c4300000, 0x00000000eab00000)
  object space 68608K, 12% used [0x00000000c0000000,0x00000000c0894b40,0x00000000c4300000)
 Metaspace       used 34904K, committed 35520K, reserved 1081344K
  class space    used 3532K, committed 3776K, reserved 1048576K
}
Event: 41.553 GC heap after
{Heap after GC invocations=9 (full 1):
 PSYoungGen      total 25088K, used 1531K [0x00000000eab00000, 0x00000000ec780000, 0x0000000100000000)
  eden space 23552K, 0% used [0x00000000eab00000,0x00000000eab00000,0x00000000ec200000)
  from space 1536K, 99% used [0x00000000ec600000,0x00000000ec77ef38,0x00000000ec780000)
  to   space 2560K, 0% used [0x00000000ec280000,0x00000000ec280000,0x00000000ec500000)
 ParOldGen       total 68608K, used 9530K [0x00000000c0000000, 0x00000000c4300000, 0x00000000eab00000)
  object space 68608K, 13% used [0x00000000c0000000,0x00000000c094eb80,0x00000000c4300000)
 Metaspace       used 34904K, committed 35520K, reserved 1081344K
  class space    used 3532K, committed 3776K, reserved 1048576K
}
Event: 44.046 GC heap before
{Heap before GC invocations=10 (full 1):
 PSYoungGen      total 25088K, used 25083K [0x00000000eab00000, 0x00000000ec780000, 0x0000000100000000)
  eden space 23552K, 100% used [0x00000000eab00000,0x00000000ec200000,0x00000000ec200000)
  from space 1536K, 99% used [0x00000000ec600000,0x00000000ec77ef38,0x00000000ec780000)
  to   space 2560K, 0% used [0x00000000ec280000,0x00000000ec280000,0x00000000ec500000)
 ParOldGen       total 68608K, used 9530K [0x00000000c0000000, 0x00000000c4300000, 0x00000000eab00000)
  object space 68608K, 13% used [0x00000000c0000000,0x00000000c094eb80,0x00000000c4300000)
 Metaspace       used 35205K, committed 35776K, reserved 1081344K
  class space    used 3557K, committed 3776K, reserved 1048576K
}
Event: 44.064 GC heap after
{Heap after GC invocations=10 (full 1):
 PSYoungGen      total 25600K, used 2536K [0x00000000eab00000, 0x00000000eca80000, 0x0000000100000000)
  eden space 23040K, 0% used [0x00000000eab00000,0x00000000eab00000,0x00000000ec180000)
  from space 2560K, 99% used [0x00000000ec280000,0x00000000ec4fa030,0x00000000ec500000)
  to   space 4608K, 0% used [0x00000000ec600000,0x00000000ec600000,0x00000000eca80000)
 ParOldGen       total 68608K, used 11134K [0x00000000c0000000, 0x00000000c4300000, 0x00000000eab00000)
  object space 68608K, 16% used [0x00000000c0000000,0x00000000c0adfa38,0x00000000c4300000)
 Metaspace       used 35205K, committed 35776K, reserved 1081344K
  class space    used 3557K, committed 3776K, reserved 1048576K
}
Event: 44.666 GC heap before
{Heap before GC invocations=11 (full 1):
 PSYoungGen      total 25600K, used 5240K [0x00000000eab00000, 0x00000000eca80000, 0x0000000100000000)
  eden space 23040K, 11% used [0x00000000eab00000,0x00000000eada4310,0x00000000ec180000)
  from space 2560K, 99% used [0x00000000ec280000,0x00000000ec4fa030,0x00000000ec500000)
  to   space 4608K, 0% used [0x00000000ec600000,0x00000000ec600000,0x00000000eca80000)
 ParOldGen       total 68608K, used 11134K [0x00000000c0000000, 0x00000000c4300000, 0x00000000eab00000)
  object space 68608K, 16% used [0x00000000c0000000,0x00000000c0adfa38,0x00000000c4300000)
 Metaspace       used 35310K, committed 35840K, reserved 1081344K
  class space    used 3570K, committed 3776K, reserved 1048576K
}
Event: 44.686 GC heap after
{Heap after GC invocations=11 (full 1):
 PSYoungGen      total 25088K, used 1712K [0x00000000eab00000, 0x00000000ec800000, 0x0000000100000000)
  eden space 23040K, 0% used [0x00000000eab00000,0x00000000eab00000,0x00000000ec180000)
  from space 2048K, 83% used [0x00000000ec600000,0x00000000ec7ac010,0x00000000ec800000)
  to   space 3072K, 0% used [0x00000000ec200000,0x00000000ec200000,0x00000000ec500000)
 ParOldGen       total 68608K, used 12078K [0x00000000c0000000, 0x00000000c4300000, 0x00000000eab00000)
  object space 68608K, 17% used [0x00000000c0000000,0x00000000c0bcba88,0x00000000c4300000)
 Metaspace       used 35310K, committed 35840K, reserved 1081344K
  class space    used 3570K, committed 3776K, reserved 1048576K
}
Event: 44.686 GC heap before
{Heap before GC invocations=12 (full 2):
 PSYoungGen      total 25088K, used 1712K [0x00000000eab00000, 0x00000000ec800000, 0x0000000100000000)
  eden space 23040K, 0% used [0x00000000eab00000,0x00000000eab00000,0x00000000ec180000)
  from space 2048K, 83% used [0x00000000ec600000,0x00000000ec7ac010,0x00000000ec800000)
  to   space 3072K, 0% used [0x00000000ec200000,0x00000000ec200000,0x00000000ec500000)
 ParOldGen       total 68608K, used 12078K [0x00000000c0000000, 0x00000000c4300000, 0x00000000eab00000)
  object space 68608K, 17% used [0x00000000c0000000,0x00000000c0bcba88,0x00000000c4300000)
 Metaspace       used 35310K, committed 35840K, reserved 1081344K
  class space    used 3570K, committed 3776K, reserved 1048576K
}
Event: 44.813 GC heap after
{Heap after GC invocations=12 (full 2):
 PSYoungGen      total 25088K, used 0K [0x00000000eab00000, 0x00000000ec800000, 0x0000000100000000)
  eden space 23040K, 0% used [0x00000000eab00000,0x00000000eab00000,0x00000000ec180000)
  from space 2048K, 0% used [0x00000000ec600000,0x00000000ec600000,0x00000000ec800000)
  to   space 3072K, 0% used [0x00000000ec200000,0x00000000ec200000,0x00000000ec500000)
 ParOldGen       total 68608K, used 11288K [0x00000000c0000000, 0x00000000c4300000, 0x00000000eab00000)
  object space 68608K, 16% used [0x00000000c0000000,0x00000000c0b06150,0x00000000c4300000)
 Metaspace       used 35310K, committed 35840K, reserved 1081344K
  class space    used 3570K, committed 3776K, reserved 1048576K
}

